<?xml version="1.0" encoding="UTF-8"?>
<testng-results skipped="0" failed="0" total="2" passed="2">
  <reporter-output>
  </reporter-output>
  <suite name="Default suite" duration-ms="8525" started-at="2020-01-16T16:37:10Z" finished-at="2020-01-16T16:37:19Z">
    <groups>
    </groups>
    <test name="Default test" duration-ms="8525" started-at="2020-01-16T16:37:10Z" finished-at="2020-01-16T16:37:19Z">
      <class name="Exposure.RestAssured.stbPropertiesTest">
        <test-method status="PASS" signature="beforeSuite()[pri:0, instance:Exposure.RestAssured.stbPropertiesTest@51081592]" name="beforeSuite" is-config="true" duration-ms="430" started-at="2020-01-16T16:37:10Z" finished-at="2020-01-16T16:37:10Z">
        </test-method> <!-- beforeSuite -->
        <test-method status="PASS" signature="setSTBProperties_BEP1423001()[pri:1, instance:Exposure.RestAssured.stbPropertiesTest@51081592]" name="setSTBProperties_BEP1423001" duration-ms="6747" started-at="2020-01-16T16:37:10Z" finished-at="2020-01-16T16:37:17Z">
        </test-method> <!-- setSTBProperties_BEP1423001 -->
        <test-method status="PASS" signature="beforeMethod()[pri:0, instance:Exposure.RestAssured.stbPropertiesTest@51081592]" name="beforeMethod" is-config="true" duration-ms="0" started-at="2020-01-16T16:37:10Z" finished-at="2020-01-16T16:37:10Z">
        </test-method> <!-- beforeMethod -->
        <test-method status="PASS" signature="setSTBProperties_BEP1423001()[pri:1, instance:Exposure.RestAssured.stbPropertiesTest@51081592]" name="setSTBProperties_BEP1423001" duration-ms="1770" started-at="2020-01-16T16:37:17Z" finished-at="2020-01-16T16:37:19Z">
        </test-method> <!-- setSTBProperties_BEP1423001 -->
        <test-method status="PASS" signature="beforeMethod()[pri:0, instance:Exposure.RestAssured.stbPropertiesTest@51081592]" name="beforeMethod" is-config="true" duration-ms="0" started-at="2020-01-16T16:37:17Z" finished-at="2020-01-16T16:37:17Z">
        </test-method> <!-- beforeMethod -->
        <test-method status="PASS" signature="afterSuite()[pri:0, instance:Exposure.RestAssured.stbPropertiesTest@51081592]" name="afterSuite" is-config="true" duration-ms="0" started-at="2020-01-16T16:37:19Z" finished-at="2020-01-16T16:37:19Z">
        </test-method> <!-- afterSuite -->
      </class> <!-- Exposure.RestAssured.stbPropertiesTest -->
    </test> <!-- Default test -->
  </suite> <!-- Default suite -->
</testng-results>
